[2026-01-25T15:51:45.7993146Z] Info AppLogger initialized.
[2026-01-25T15:51:45.8046746Z] Info [DatabaseSetup.CopyTableDataFromAzure] Copied 32 rows to Users
[2026-01-25T15:51:45.8943147Z] Info [CopyTableDataFromAzure] Converted bool True to 1 for column OM
[2026-01-25T15:51:45.9000003Z] Info [CopyTableDataFromAzure] Converted bool True to 1 for column SM
[2026-01-25T15:51:45.9042782Z] Info [CopyTableDataFromAzure] Converted bool True to 1 for column EN
[2026-01-25T15:51:45.9086205Z] Info [CopyTableDataFromAzure] Converted bool True to 1 for column PM
[2026-01-25T15:51:45.9177710Z] Info [CopyTableDataFromAzure] Converted bool True to 1 for column OM
[2026-01-25T15:51:45.9216682Z] Info [CopyTableDataFromAzure] Converted bool True to 1 for column SM
[2026-01-25T15:51:45.9257894Z] Info [CopyTableDataFromAzure] Converted bool True to 1 for column EN
[2026-01-25T15:51:45.9304628Z] Info [CopyTableDataFromAzure] Converted bool True to 1 for column PM
[2026-01-25T15:51:45.9385883Z] Info [CopyTableDataFromAzure] Converted bool True to 1 for column OM
[2026-01-25T15:51:45.9431460Z] Info [CopyTableDataFromAzure] Converted bool True to 1 for column SM
[2026-01-25T15:51:45.9478467Z] Info [CopyTableDataFromAzure] Converted bool True to 1 for column EN
[2026-01-25T15:51:45.9519173Z] Info [CopyTableDataFromAzure] Converted bool True to 1 for column PM
[2026-01-25T15:51:45.9605457Z] Info [CopyTableDataFromAzure] Converted bool True to 1 for column OM
[2026-01-25T15:51:45.9643682Z] Info [CopyTableDataFromAzure] Converted bool True to 1 for column SM
[2026-01-25T15:51:45.9693520Z] Info [CopyTableDataFromAzure] Converted bool True to 1 for column EN
[2026-01-25T15:51:45.9737464Z] Info [CopyTableDataFromAzure] Converted bool True to 1 for column PM
[2026-01-25T15:51:45.9827381Z] Info [CopyTableDataFromAzure] Converted bool True to 1 for column OM
[2026-01-25T15:51:45.9868902Z] Info [CopyTableDataFromAzure] Converted bool True to 1 for column SM
[2026-01-25T15:51:45.9905259Z] Info [CopyTableDataFromAzure] Converted bool True to 1 for column EN
[2026-01-25T15:51:45.9944741Z] Info [CopyTableDataFromAzure] Converted bool True to 1 for column PM
[2026-01-25T15:51:46.0016603Z] Info [CopyTableDataFromAzure] Converted bool True to 1 for column OM
[2026-01-25T15:51:46.0051056Z] Info [CopyTableDataFromAzure] Converted bool True to 1 for column SM
[2026-01-25T15:51:46.0087633Z] Info [CopyTableDataFromAzure] Converted bool True to 1 for column EN
[2026-01-25T15:51:46.0124718Z] Info [CopyTableDataFromAzure] Converted bool True to 1 for column PM
[2026-01-25T15:51:46.0198182Z] Info [CopyTableDataFromAzure] Converted bool True to 1 for column OM
[2026-01-25T15:51:46.0243424Z] Info [CopyTableDataFromAzure] Converted bool True to 1 for column SM
[2026-01-25T15:51:46.0280765Z] Info [CopyTableDataFromAzure] Converted bool True to 1 for column EN
[2026-01-25T15:51:46.0319009Z] Info [CopyTableDataFromAzure] Converted bool True to 1 for column PM
[2026-01-25T15:51:46.0396687Z] Info [CopyTableDataFromAzure] Converted bool True to 1 for column OM
[2026-01-25T15:51:46.0432183Z] Info [CopyTableDataFromAzure] Converted bool True to 1 for column SM
[2026-01-25T15:51:46.0472097Z] Info [CopyTableDataFromAzure] Converted bool True to 1 for column EN
[2026-01-25T15:51:46.0507654Z] Info [CopyTableDataFromAzure] Converted bool True to 1 for column PM
[2026-01-25T15:51:46.0591326Z] Info [CopyTableDataFromAzure] Converted bool True to 1 for column OM
[2026-01-25T15:51:46.0630577Z] Info [CopyTableDataFromAzure] Converted bool True to 1 for column SM
[2026-01-25T15:51:46.0667129Z] Info [CopyTableDataFromAzure] Converted bool True to 1 for column EN
[2026-01-25T15:51:46.0707863Z] Info [CopyTableDataFromAzure] Converted bool True to 1 for column PM
[2026-01-25T15:51:46.0784754Z] Info [CopyTableDataFromAzure] Converted bool True to 1 for column OM
[2026-01-25T15:51:46.0822169Z] Info [CopyTableDataFromAzure] Converted bool True to 1 for column SM
[2026-01-25T15:51:46.0865123Z] Info [CopyTableDataFromAzure] Converted bool True to 1 for column EN
[2026-01-25T15:51:46.0904955Z] Info [CopyTableDataFromAzure] Converted bool True to 1 for column PM
[2026-01-25T15:51:46.0981598Z] Info [CopyTableDataFromAzure] Converted bool True to 1 for column OM
[2026-01-25T15:51:46.1022934Z] Info [CopyTableDataFromAzure] Converted bool True to 1 for column SM
[2026-01-25T15:51:46.1076360Z] Info [CopyTableDataFromAzure] Converted bool True to 1 for column EN
[2026-01-25T15:51:46.1116220Z] Info [CopyTableDataFromAzure] Converted bool True to 1 for column PM
[2026-01-25T15:51:46.1192185Z] Info [CopyTableDataFromAzure] Converted bool True to 1 for column OM
[2026-01-25T15:51:46.1229861Z] Info [CopyTableDataFromAzure] Converted bool True to 1 for column SM
[2026-01-25T15:51:46.1272515Z] Info [CopyTableDataFromAzure] Converted bool True to 1 for column EN
[2026-01-25T15:51:46.1319193Z] Info [CopyTableDataFromAzure] Converted bool True to 1 for column PM
[2026-01-25T15:51:46.1400669Z] Info [CopyTableDataFromAzure] Converted bool True to 1 for column OM
[2026-01-25T15:51:46.1440550Z] Info [CopyTableDataFromAzure] Converted bool True to 1 for column SM
[2026-01-25T15:51:46.1476086Z] Info [CopyTableDataFromAzure] Converted bool True to 1 for column EN
[2026-01-25T15:51:46.1522998Z] Info [CopyTableDataFromAzure] Converted bool True to 1 for column PM
[2026-01-25T15:51:46.1601861Z] Info [CopyTableDataFromAzure] Converted bool True to 1 for column OM
[2026-01-25T15:51:46.1638503Z] Info [CopyTableDataFromAzure] Converted bool True to 1 for column SM
[2026-01-25T15:51:46.1676980Z] Info [CopyTableDataFromAzure] Converted bool True to 1 for column EN
[2026-01-25T15:51:46.1715836Z] Info [CopyTableDataFromAzure] Converted bool True to 1 for column PM
[2026-01-25T15:51:46.1790220Z] Info [CopyTableDataFromAzure] Converted bool True to 1 for column OM
[2026-01-25T15:51:46.1830104Z] Info [CopyTableDataFromAzure] Converted bool True to 1 for column SM
[2026-01-25T15:51:46.1866534Z] Info [CopyTableDataFromAzure] Converted bool True to 1 for column EN
[2026-01-25T15:51:46.1905068Z] Info [CopyTableDataFromAzure] Converted bool True to 1 for column PM
[2026-01-25T15:51:46.1987267Z] Info [CopyTableDataFromAzure] Converted bool False to 0 for column OM
[2026-01-25T15:51:46.2049074Z] Info [CopyTableDataFromAzure] Converted bool False to 0 for column SM
[2026-01-25T15:51:46.2099172Z] Info [CopyTableDataFromAzure] Converted bool False to 0 for column EN
[2026-01-25T15:51:46.2157329Z] Info [CopyTableDataFromAzure] Converted bool False to 0 for column PM
[2026-01-25T15:51:46.2235023Z] Info [DatabaseSetup.CopyTableDataFromAzure] Copied 16 rows to Projects
[2026-01-25T15:51:46.3104732Z] Info [CopyTableDataFromAzure] Converted bool True to 1 for column IsEditable
[2026-01-25T15:51:46.3153853Z] Info [CopyTableDataFromAzure] Converted bool False to 0 for column IsCalculated
[2026-01-25T15:51:46.3233324Z] Info [CopyTableDataFromAzure] Converted bool True to 1 for column IsEditable
[2026-01-25T15:51:46.3272293Z] Info [CopyTableDataFromAzure] Converted bool False to 0 for column IsCalculated
[2026-01-25T15:51:46.3342341Z] Info [CopyTableDataFromAzure] Converted bool True to 1 for column IsEditable
[2026-01-25T15:51:46.3379423Z] Info [CopyTableDataFromAzure] Converted bool False to 0 for column IsCalculated
[2026-01-25T15:51:46.3454167Z] Info [CopyTableDataFromAzure] Converted bool True to 1 for column IsEditable
[2026-01-25T15:51:46.3494885Z] Info [CopyTableDataFromAzure] Converted bool False to 0 for column IsCalculated
[2026-01-25T15:51:46.3567617Z] Info [CopyTableDataFromAzure] Converted bool True to 1 for column IsEditable
[2026-01-25T15:51:46.3605234Z] Info [CopyTableDataFromAzure] Converted bool False to 0 for column IsCalculated
[2026-01-25T15:51:46.3678553Z] Info [CopyTableDataFromAzure] Converted bool False to 0 for column IsEditable
[2026-01-25T15:51:46.3716842Z] Info [CopyTableDataFromAzure] Converted bool False to 0 for column IsCalculated
[2026-01-25T15:51:46.3791758Z] Info [CopyTableDataFromAzure] Converted bool True to 1 for column IsEditable
[2026-01-25T15:51:46.3829843Z] Info [CopyTableDataFromAzure] Converted bool False to 0 for column IsCalculated
[2026-01-25T15:51:46.3908126Z] Info [CopyTableDataFromAzure] Converted bool True to 1 for column IsEditable
[2026-01-25T15:51:46.3954206Z] Info [CopyTableDataFromAzure] Converted bool False to 0 for column IsCalculated
[2026-01-25T15:51:46.4034582Z] Info [CopyTableDataFromAzure] Converted bool True to 1 for column IsEditable
[2026-01-25T15:51:46.4076098Z] Info [CopyTableDataFromAzure] Converted bool False to 0 for column IsCalculated
[2026-01-25T15:51:46.4149857Z] Info [CopyTableDataFromAzure] Converted bool True to 1 for column IsEditable
[2026-01-25T15:51:46.4188914Z] Info [CopyTableDataFromAzure] Converted bool False to 0 for column IsCalculated
[2026-01-25T15:51:46.4261593Z] Info [CopyTableDataFromAzure] Converted bool True to 1 for column IsEditable
[2026-01-25T15:51:46.4297526Z] Info [CopyTableDataFromAzure] Converted bool False to 0 for column IsCalculated
[2026-01-25T15:51:46.4373832Z] Info [CopyTableDataFromAzure] Converted bool True to 1 for column IsEditable
[2026-01-25T15:51:46.4413466Z] Info [CopyTableDataFromAzure] Converted bool False to 0 for column IsCalculated
[2026-01-25T15:51:46.4486188Z] Info [CopyTableDataFromAzure] Converted bool True to 1 for column IsEditable
[2026-01-25T15:51:46.4524701Z] Info [CopyTableDataFromAzure] Converted bool False to 0 for column IsCalculated
[2026-01-25T15:51:46.4596665Z] Info [CopyTableDataFromAzure] Converted bool True to 1 for column IsEditable
[2026-01-25T15:51:46.4637889Z] Info [CopyTableDataFromAzure] Converted bool False to 0 for column IsCalculated
[2026-01-25T15:51:46.4712408Z] Info [CopyTableDataFromAzure] Converted bool True to 1 for column IsEditable
[2026-01-25T15:51:46.4749712Z] Info [CopyTableDataFromAzure] Converted bool False to 0 for column IsCalculated
[2026-01-25T15:51:46.4825555Z] Info [CopyTableDataFromAzure] Converted bool True to 1 for column IsEditable
[2026-01-25T15:51:46.4866081Z] Info [CopyTableDataFromAzure] Converted bool False to 0 for column IsCalculated
[2026-01-25T15:51:46.4938752Z] Info [CopyTableDataFromAzure] Converted bool True to 1 for column IsEditable
[2026-01-25T15:51:46.4973398Z] Info [CopyTableDataFromAzure] Converted bool False to 0 for column IsCalculated
[2026-01-25T15:51:46.5054406Z] Info [CopyTableDataFromAzure] Converted bool True to 1 for column IsEditable
[2026-01-25T15:51:46.5096351Z] Info [CopyTableDataFromAzure] Converted bool False to 0 for column IsCalculated
[2026-01-25T15:51:46.5173672Z] Info [CopyTableDataFromAzure] Converted bool True to 1 for column IsEditable
[2026-01-25T15:51:46.5212564Z] Info [CopyTableDataFromAzure] Converted bool False to 0 for column IsCalculated
[2026-01-25T15:51:46.5295312Z] Info [CopyTableDataFromAzure] Converted bool True to 1 for column IsEditable
[2026-01-25T15:51:46.5336548Z] Info [CopyTableDataFromAzure] Converted bool False to 0 for column IsCalculated
[2026-01-25T15:51:46.5414883Z] Info [CopyTableDataFromAzure] Converted bool True to 1 for column IsEditable
[2026-01-25T15:51:46.5453123Z] Info [CopyTableDataFromAzure] Converted bool False to 0 for column IsCalculated
[2026-01-25T15:51:46.5529509Z] Info [CopyTableDataFromAzure] Converted bool True to 1 for column IsEditable
[2026-01-25T15:51:46.5568277Z] Info [CopyTableDataFromAzure] Converted bool False to 0 for column IsCalculated
[2026-01-25T15:51:46.5648858Z] Info [CopyTableDataFromAzure] Converted bool True to 1 for column IsEditable
[2026-01-25T15:51:46.5690796Z] Info [CopyTableDataFromAzure] Converted bool False to 0 for column IsCalculated
[2026-01-25T15:51:46.5780049Z] Info [CopyTableDataFromAzure] Converted bool True to 1 for column IsEditable
[2026-01-25T15:51:46.5822509Z] Info [CopyTableDataFromAzure] Converted bool False to 0 for column IsCalculated
[2026-01-25T15:51:46.5906436Z] Info [CopyTableDataFromAzure] Converted bool True to 1 for column IsEditable
[2026-01-25T15:51:46.5945498Z] Info [CopyTableDataFromAzure] Converted bool False to 0 for column IsCalculated
[2026-01-25T15:51:46.6016961Z] Info [CopyTableDataFromAzure] Converted bool True to 1 for column IsEditable
[2026-01-25T15:51:46.6068059Z] Info [CopyTableDataFromAzure] Converted bool False to 0 for column IsCalculated
[2026-01-25T15:51:46.6150846Z] Info [CopyTableDataFromAzure] Converted bool True to 1 for column IsEditable
[2026-01-25T15:51:46.6194846Z] Info [CopyTableDataFromAzure] Converted bool False to 0 for column IsCalculated
[2026-01-25T15:51:46.6279839Z] Info [CopyTableDataFromAzure] Converted bool True to 1 for column IsEditable
[2026-01-25T15:51:46.6318814Z] Info [CopyTableDataFromAzure] Converted bool False to 0 for column IsCalculated
[2026-01-25T15:51:46.6396758Z] Info [CopyTableDataFromAzure] Converted bool True to 1 for column IsEditable
[2026-01-25T15:51:46.6435821Z] Info [CopyTableDataFromAzure] Converted bool False to 0 for column IsCalculated
[2026-01-25T15:51:46.6513039Z] Info [CopyTableDataFromAzure] Converted bool True to 1 for column IsEditable
[2026-01-25T15:51:46.6552647Z] Info [CopyTableDataFromAzure] Converted bool False to 0 for column IsCalculated
[2026-01-25T15:51:46.6629804Z] Info [CopyTableDataFromAzure] Converted bool True to 1 for column IsEditable
[2026-01-25T15:51:46.6670039Z] Info [CopyTableDataFromAzure] Converted bool False to 0 for column IsCalculated
[2026-01-25T15:51:46.6747600Z] Info [CopyTableDataFromAzure] Converted bool True to 1 for column IsEditable
[2026-01-25T15:51:46.6787627Z] Info [CopyTableDataFromAzure] Converted bool False to 0 for column IsCalculated
[2026-01-25T15:51:46.6865122Z] Info [CopyTableDataFromAzure] Converted bool True to 1 for column IsEditable
[2026-01-25T15:51:46.6905383Z] Info [CopyTableDataFromAzure] Converted bool False to 0 for column IsCalculated
[2026-01-25T15:51:46.6980796Z] Info [CopyTableDataFromAzure] Converted bool True to 1 for column IsEditable
[2026-01-25T15:51:46.7022863Z] Info [CopyTableDataFromAzure] Converted bool False to 0 for column IsCalculated
[2026-01-25T15:51:46.7095107Z] Info [CopyTableDataFromAzure] Converted bool True to 1 for column IsEditable
[2026-01-25T15:51:46.7140639Z] Info [CopyTableDataFromAzure] Converted bool False to 0 for column IsCalculated
[2026-01-25T15:51:46.7213629Z] Info [CopyTableDataFromAzure] Converted bool True to 1 for column IsEditable
[2026-01-25T15:51:46.7255522Z] Info [CopyTableDataFromAzure] Converted bool False to 0 for column IsCalculated
[2026-01-25T15:51:46.7328623Z] Info [CopyTableDataFromAzure] Converted bool True to 1 for column IsEditable
[2026-01-25T15:51:46.7368292Z] Info [CopyTableDataFromAzure] Converted bool False to 0 for column IsCalculated
[2026-01-25T15:51:46.7444584Z] Info [CopyTableDataFromAzure] Converted bool True to 1 for column IsEditable
[2026-01-25T15:51:46.7482712Z] Info [CopyTableDataFromAzure] Converted bool False to 0 for column IsCalculated
[2026-01-25T15:51:46.7557417Z] Info [CopyTableDataFromAzure] Converted bool True to 1 for column IsEditable
[2026-01-25T15:51:46.7595720Z] Info [CopyTableDataFromAzure] Converted bool False to 0 for column IsCalculated
[2026-01-25T15:51:46.7671714Z] Info [CopyTableDataFromAzure] Converted bool True to 1 for column IsEditable
[2026-01-25T15:51:46.7709051Z] Info [CopyTableDataFromAzure] Converted bool False to 0 for column IsCalculated
[2026-01-25T15:51:46.7782976Z] Info [CopyTableDataFromAzure] Converted bool True to 1 for column IsEditable
[2026-01-25T15:51:46.7821951Z] Info [CopyTableDataFromAzure] Converted bool False to 0 for column IsCalculated
[2026-01-25T15:51:46.7892721Z] Info [CopyTableDataFromAzure] Converted bool False to 0 for column IsEditable
[2026-01-25T15:51:46.7933569Z] Info [CopyTableDataFromAzure] Converted bool False to 0 for column IsCalculated
[2026-01-25T15:51:46.8010315Z] Info [CopyTableDataFromAzure] Converted bool True to 1 for column IsEditable
[2026-01-25T15:51:46.8046825Z] Info [CopyTableDataFromAzure] Converted bool False to 0 for column IsCalculated
[2026-01-25T15:51:46.8121730Z] Info [CopyTableDataFromAzure] Converted bool True to 1 for column IsEditable
[2026-01-25T15:51:46.8162995Z] Info [CopyTableDataFromAzure] Converted bool False to 0 for column IsCalculated
[2026-01-25T15:51:46.8236235Z] Info [CopyTableDataFromAzure] Converted bool True to 1 for column IsEditable
[2026-01-25T15:51:46.8275439Z] Info [CopyTableDataFromAzure] Converted bool False to 0 for column IsCalculated
[2026-01-25T15:51:46.8348129Z] Info [CopyTableDataFromAzure] Converted bool True to 1 for column IsEditable
[2026-01-25T15:51:46.8391049Z] Info [CopyTableDataFromAzure] Converted bool False to 0 for column IsCalculated
[2026-01-25T15:51:46.8465239Z] Info [CopyTableDataFromAzure] Converted bool True to 1 for column IsEditable
[2026-01-25T15:51:46.8502175Z] Info [CopyTableDataFromAzure] Converted bool False to 0 for column IsCalculated
[2026-01-25T15:51:46.8575800Z] Info [CopyTableDataFromAzure] Converted bool True to 1 for column IsEditable
[2026-01-25T15:51:46.8615532Z] Info [CopyTableDataFromAzure] Converted bool False to 0 for column IsCalculated
[2026-01-25T15:51:46.8689381Z] Info [CopyTableDataFromAzure] Converted bool True to 1 for column IsEditable
[2026-01-25T15:51:46.8725069Z] Info [CopyTableDataFromAzure] Converted bool False to 0 for column IsCalculated
[2026-01-25T15:51:46.8794268Z] Info [CopyTableDataFromAzure] Converted bool True to 1 for column IsEditable
[2026-01-25T15:51:46.8836936Z] Info [CopyTableDataFromAzure] Converted bool False to 0 for column IsCalculated
[2026-01-25T15:51:46.8916899Z] Info [CopyTableDataFromAzure] Converted bool True to 1 for column IsEditable
[2026-01-25T15:51:46.8954462Z] Info [CopyTableDataFromAzure] Converted bool False to 0 for column IsCalculated
[2026-01-25T15:51:46.9028662Z] Info [CopyTableDataFromAzure] Converted bool True to 1 for column IsEditable
[2026-01-25T15:51:46.9070328Z] Info [CopyTableDataFromAzure] Converted bool False to 0 for column IsCalculated
[2026-01-25T15:51:46.9151797Z] Info [CopyTableDataFromAzure] Converted bool True to 1 for column IsEditable
[2026-01-25T15:51:46.9190241Z] Info [CopyTableDataFromAzure] Converted bool False to 0 for column IsCalculated
[2026-01-25T15:51:46.9264381Z] Info [CopyTableDataFromAzure] Converted bool True to 1 for column IsEditable
[2026-01-25T15:51:46.9302867Z] Info [CopyTableDataFromAzure] Converted bool False to 0 for column IsCalculated
[2026-01-25T15:51:46.9379407Z] Info [CopyTableDataFromAzure] Converted bool True to 1 for column IsEditable
[2026-01-25T15:51:46.9417393Z] Info [CopyTableDataFromAzure] Converted bool False to 0 for column IsCalculated
[2026-01-25T15:51:46.9499031Z] Info [CopyTableDataFromAzure] Converted bool True to 1 for column IsEditable
[2026-01-25T15:51:46.9541335Z] Info [CopyTableDataFromAzure] Converted bool False to 0 for column IsCalculated
[2026-01-25T15:51:46.9614217Z] Info [CopyTableDataFromAzure] Converted bool True to 1 for column IsEditable
[2026-01-25T15:51:46.9649314Z] Info [CopyTableDataFromAzure] Converted bool False to 0 for column IsCalculated
[2026-01-25T15:51:46.9719884Z] Info [CopyTableDataFromAzure] Converted bool True to 1 for column IsEditable
[2026-01-25T15:51:46.9761043Z] Info [CopyTableDataFromAzure] Converted bool False to 0 for column IsCalculated
[2026-01-25T15:51:46.9834624Z] Info [CopyTableDataFromAzure] Converted bool True to 1 for column IsEditable
[2026-01-25T15:51:46.9911727Z] Info [CopyTableDataFromAzure] Converted bool False to 0 for column IsCalculated
[2026-01-25T15:51:46.9984042Z] Info [CopyTableDataFromAzure] Converted bool True to 1 for column IsEditable
[2026-01-25T15:51:47.0025557Z] Info [CopyTableDataFromAzure] Converted bool False to 0 for column IsCalculated
[2026-01-25T15:51:47.0099356Z] Info [CopyTableDataFromAzure] Converted bool True to 1 for column IsEditable
[2026-01-25T15:51:47.0137632Z] Info [CopyTableDataFromAzure] Converted bool False to 0 for column IsCalculated
[2026-01-25T15:51:47.0212022Z] Info [CopyTableDataFromAzure] Converted bool True to 1 for column IsEditable
[2026-01-25T15:51:47.0251612Z] Info [CopyTableDataFromAzure] Converted bool False to 0 for column IsCalculated
[2026-01-25T15:51:47.0327823Z] Info [CopyTableDataFromAzure] Converted bool True to 1 for column IsEditable
[2026-01-25T15:51:47.0365128Z] Info [CopyTableDataFromAzure] Converted bool False to 0 for column IsCalculated
[2026-01-25T15:51:47.0437779Z] Info [CopyTableDataFromAzure] Converted bool True to 1 for column IsEditable
[2026-01-25T15:51:47.0475365Z] Info [CopyTableDataFromAzure] Converted bool False to 0 for column IsCalculated
[2026-01-25T15:51:47.0544168Z] Info [CopyTableDataFromAzure] Converted bool True to 1 for column IsEditable
[2026-01-25T15:51:47.0581267Z] Info [CopyTableDataFromAzure] Converted bool False to 0 for column IsCalculated
[2026-01-25T15:51:47.0654516Z] Info [CopyTableDataFromAzure] Converted bool True to 1 for column IsEditable
[2026-01-25T15:51:47.0693708Z] Info [CopyTableDataFromAzure] Converted bool False to 0 for column IsCalculated
[2026-01-25T15:51:47.0764595Z] Info [CopyTableDataFromAzure] Converted bool True to 1 for column IsEditable
[2026-01-25T15:51:47.0808786Z] Info [CopyTableDataFromAzure] Converted bool False to 0 for column IsCalculated
[2026-01-25T15:51:47.0880278Z] Info [CopyTableDataFromAzure] Converted bool True to 1 for column IsEditable
[2026-01-25T15:51:47.0919272Z] Info [CopyTableDataFromAzure] Converted bool False to 0 for column IsCalculated
[2026-01-25T15:51:47.0993475Z] Info [CopyTableDataFromAzure] Converted bool True to 1 for column IsEditable
[2026-01-25T15:51:47.1029817Z] Info [CopyTableDataFromAzure] Converted bool False to 0 for column IsCalculated
[2026-01-25T15:51:47.1106875Z] Info [CopyTableDataFromAzure] Converted bool True to 1 for column IsEditable
[2026-01-25T15:51:47.1147059Z] Info [CopyTableDataFromAzure] Converted bool False to 0 for column IsCalculated
[2026-01-25T15:51:47.1220690Z] Info [CopyTableDataFromAzure] Converted bool True to 1 for column IsEditable
[2026-01-25T15:51:47.1255744Z] Info [CopyTableDataFromAzure] Converted bool False to 0 for column IsCalculated
[2026-01-25T15:51:47.1328690Z] Info [CopyTableDataFromAzure] Converted bool True to 1 for column IsEditable
[2026-01-25T15:51:47.1368398Z] Info [CopyTableDataFromAzure] Converted bool False to 0 for column IsCalculated
[2026-01-25T15:51:47.1443211Z] Info [CopyTableDataFromAzure] Converted bool True to 1 for column IsEditable
[2026-01-25T15:51:47.1481815Z] Info [CopyTableDataFromAzure] Converted bool False to 0 for column IsCalculated
[2026-01-25T15:51:47.1556618Z] Info [CopyTableDataFromAzure] Converted bool True to 1 for column IsEditable
[2026-01-25T15:51:47.1598125Z] Info [CopyTableDataFromAzure] Converted bool False to 0 for column IsCalculated
[2026-01-25T15:51:47.1671460Z] Info [CopyTableDataFromAzure] Converted bool True to 1 for column IsEditable
[2026-01-25T15:51:47.1707057Z] Info [CopyTableDataFromAzure] Converted bool False to 0 for column IsCalculated
[2026-01-25T15:51:47.1780750Z] Info [CopyTableDataFromAzure] Converted bool True to 1 for column IsEditable
[2026-01-25T15:51:47.1820296Z] Info [CopyTableDataFromAzure] Converted bool False to 0 for column IsCalculated
[2026-01-25T15:51:47.1896623Z] Info [CopyTableDataFromAzure] Converted bool True to 1 for column IsEditable
[2026-01-25T15:51:47.1936459Z] Info [CopyTableDataFromAzure] Converted bool False to 0 for column IsCalculated
[2026-01-25T15:51:47.2008199Z] Info [CopyTableDataFromAzure] Converted bool True to 1 for column IsEditable
[2026-01-25T15:51:47.2046272Z] Info [CopyTableDataFromAzure] Converted bool False to 0 for column IsCalculated
[2026-01-25T15:51:47.2117297Z] Info [CopyTableDataFromAzure] Converted bool True to 1 for column IsEditable
[2026-01-25T15:51:47.2154058Z] Info [CopyTableDataFromAzure] Converted bool False to 0 for column IsCalculated
[2026-01-25T15:51:47.2224628Z] Info [CopyTableDataFromAzure] Converted bool True to 1 for column IsEditable
[2026-01-25T15:51:47.2263407Z] Info [CopyTableDataFromAzure] Converted bool False to 0 for column IsCalculated
[2026-01-25T15:51:47.2335952Z] Info [CopyTableDataFromAzure] Converted bool False to 0 for column IsEditable
[2026-01-25T15:51:47.2373062Z] Info [CopyTableDataFromAzure] Converted bool False to 0 for column IsCalculated
[2026-01-25T15:51:47.2445539Z] Info [CopyTableDataFromAzure] Converted bool True to 1 for column IsEditable
[2026-01-25T15:51:47.2484680Z] Info [CopyTableDataFromAzure] Converted bool False to 0 for column IsCalculated
[2026-01-25T15:51:47.2555739Z] Info [CopyTableDataFromAzure] Converted bool False to 0 for column IsEditable
[2026-01-25T15:51:47.2590089Z] Info [CopyTableDataFromAzure] Converted bool False to 0 for column IsCalculated
[2026-01-25T15:51:47.2663325Z] Info [CopyTableDataFromAzure] Converted bool False to 0 for column IsEditable
[2026-01-25T15:51:47.2704328Z] Info [CopyTableDataFromAzure] Converted bool False to 0 for column IsCalculated
[2026-01-25T15:51:47.2787581Z] Info [CopyTableDataFromAzure] Converted bool False to 0 for column IsEditable
[2026-01-25T15:51:47.2822459Z] Info [CopyTableDataFromAzure] Converted bool False to 0 for column IsCalculated
[2026-01-25T15:51:47.2893178Z] Info [CopyTableDataFromAzure] Converted bool False to 0 for column IsEditable
[2026-01-25T15:51:47.2931471Z] Info [CopyTableDataFromAzure] Converted bool False to 0 for column IsCalculated
[2026-01-25T15:51:47.3003637Z] Info [CopyTableDataFromAzure] Converted bool False to 0 for column IsEditable
[2026-01-25T15:51:47.3040203Z] Info [CopyTableDataFromAzure] Converted bool False to 0 for column IsCalculated
[2026-01-25T15:51:47.3127244Z] Info [CopyTableDataFromAzure] Converted bool True to 1 for column IsEditable
[2026-01-25T15:51:47.3172076Z] Info [CopyTableDataFromAzure] Converted bool False to 0 for column IsCalculated
[2026-01-25T15:51:47.3250325Z] Info [CopyTableDataFromAzure] Converted bool True to 1 for column IsEditable
[2026-01-25T15:51:47.3287207Z] Info [CopyTableDataFromAzure] Converted bool False to 0 for column IsCalculated
[2026-01-25T15:51:47.3370083Z] Info [DatabaseSetup.CopyTableDataFromAzure] Copied 89 rows to ColumnMappings
[2026-01-25T15:51:47.4222894Z] Info [DatabaseSetup.CopyTableDataFromAzure] Copied 0 rows to Managers
[2026-01-25T15:51:47.5064829Z] Info [CopyTableDataFromAzure] Converted bool False to 0 for column IsDeleted
[2026-01-25T15:51:47.5149249Z] Info [CopyTableDataFromAzure] Converted bool False to 0 for column IsDeleted
[2026-01-25T15:51:47.5221219Z] Info [DatabaseSetup.CopyTableDataFromAzure] Copied 2 rows to Feedback
[2026-01-25T15:51:47.5261217Z] Info [DatabaseSetup.MirrorTablesFromAzure] Mirrored tables from Azure database
[2026-01-25T15:51:47.5307041Z] Info [App.OnStartup] Successfully mirrored reference tables from Azure database
[2026-01-25T15:51:47.5365430Z] Info [ProjectCache.LoadFromDatabase] ProjectCache loaded 16 valid ProjectIDs
[2026-01-25T15:51:47.5404091Z] Info [App.OnStartup] Milestone starting up...
[2026-01-25T15:51:57.3092488Z] Info [DatabaseSetup.CopyTableDataFromAzure] Copied 32 rows to Users
[2026-01-25T15:51:57.3995148Z] Info [CopyTableDataFromAzure] Converted bool True to 1 for column OM
[2026-01-25T15:51:57.4055719Z] Info [CopyTableDataFromAzure] Converted bool True to 1 for column SM
[2026-01-25T15:51:57.4093352Z] Info [CopyTableDataFromAzure] Converted bool True to 1 for column EN
[2026-01-25T15:51:57.4136254Z] Info [CopyTableDataFromAzure] Converted bool True to 1 for column PM
[2026-01-25T15:51:57.4210666Z] Info [CopyTableDataFromAzure] Converted bool True to 1 for column OM
[2026-01-25T15:51:57.4252565Z] Info [CopyTableDataFromAzure] Converted bool True to 1 for column SM
[2026-01-25T15:51:57.4290358Z] Info [CopyTableDataFromAzure] Converted bool True to 1 for column EN
[2026-01-25T15:51:57.4337993Z] Info [CopyTableDataFromAzure] Converted bool True to 1 for column PM
[2026-01-25T15:51:57.4425376Z] Info [CopyTableDataFromAzure] Converted bool True to 1 for column OM
[2026-01-25T15:51:57.4473167Z] Info [CopyTableDataFromAzure] Converted bool True to 1 for column SM
[2026-01-25T15:51:57.4509341Z] Info [CopyTableDataFromAzure] Converted bool True to 1 for column EN
[2026-01-25T15:51:57.4558164Z] Info [CopyTableDataFromAzure] Converted bool True to 1 for column PM
[2026-01-25T15:51:57.4637101Z] Info [CopyTableDataFromAzure] Converted bool True to 1 for column OM
[2026-01-25T15:51:57.4678973Z] Info [CopyTableDataFromAzure] Converted bool True to 1 for column SM
[2026-01-25T15:51:57.4726416Z] Info [CopyTableDataFromAzure] Converted bool True to 1 for column EN
[2026-01-25T15:51:57.4766241Z] Info [CopyTableDataFromAzure] Converted bool True to 1 for column PM
[2026-01-25T15:51:57.4854734Z] Info [CopyTableDataFromAzure] Converted bool True to 1 for column OM
[2026-01-25T15:51:57.4904772Z] Info [CopyTableDataFromAzure] Converted bool True to 1 for column SM
[2026-01-25T15:51:57.4943764Z] Info [CopyTableDataFromAzure] Converted bool True to 1 for column EN
[2026-01-25T15:51:57.4986380Z] Info [CopyTableDataFromAzure] Converted bool True to 1 for column PM
[2026-01-25T15:51:57.5066168Z] Info [CopyTableDataFromAzure] Converted bool True to 1 for column OM
[2026-01-25T15:51:57.5102299Z] Info [CopyTableDataFromAzure] Converted bool True to 1 for column SM
[2026-01-25T15:51:57.5147218Z] Info [CopyTableDataFromAzure] Converted bool True to 1 for column EN
[2026-01-25T15:51:57.5189015Z] Info [CopyTableDataFromAzure] Converted bool True to 1 for column PM
[2026-01-25T15:51:57.5290318Z] Info [CopyTableDataFromAzure] Converted bool True to 1 for column OM
[2026-01-25T15:51:57.5327561Z] Info [CopyTableDataFromAzure] Converted bool True to 1 for column SM
[2026-01-25T15:51:57.5365301Z] Info [CopyTableDataFromAzure] Converted bool True to 1 for column EN
[2026-01-25T15:51:57.5400205Z] Info [CopyTableDataFromAzure] Converted bool True to 1 for column PM
[2026-01-25T15:51:57.5477821Z] Info [CopyTableDataFromAzure] Converted bool True to 1 for column OM
[2026-01-25T15:51:57.5523324Z] Info [CopyTableDataFromAzure] Converted bool True to 1 for column SM
[2026-01-25T15:51:57.5560346Z] Info [CopyTableDataFromAzure] Converted bool True to 1 for column EN
[2026-01-25T15:51:57.5609329Z] Info [CopyTableDataFromAzure] Converted bool True to 1 for column PM
[2026-01-25T15:51:57.5687435Z] Info [CopyTableDataFromAzure] Converted bool True to 1 for column OM
[2026-01-25T15:51:57.5727567Z] Info [CopyTableDataFromAzure] Converted bool True to 1 for column SM
[2026-01-25T15:51:57.5767659Z] Info [CopyTableDataFromAzure] Converted bool True to 1 for column EN
[2026-01-25T15:51:57.5806519Z] Info [CopyTableDataFromAzure] Converted bool True to 1 for column PM
[2026-01-25T15:51:57.5886664Z] Info [CopyTableDataFromAzure] Converted bool True to 1 for column OM
[2026-01-25T15:51:57.5929308Z] Info [CopyTableDataFromAzure] Converted bool True to 1 for column SM
[2026-01-25T15:51:57.5972570Z] Info [CopyTableDataFromAzure] Converted bool True to 1 for column EN
[2026-01-25T15:51:57.6014789Z] Info [CopyTableDataFromAzure] Converted bool True to 1 for column PM
[2026-01-25T15:51:57.6097824Z] Info [CopyTableDataFromAzure] Converted bool True to 1 for column OM
[2026-01-25T15:51:57.6139775Z] Info [CopyTableDataFromAzure] Converted bool True to 1 for column SM
[2026-01-25T15:51:57.6182334Z] Info [CopyTableDataFromAzure] Converted bool True to 1 for column EN
[2026-01-25T15:51:57.6220177Z] Info [CopyTableDataFromAzure] Converted bool True to 1 for column PM
[2026-01-25T15:51:57.6302893Z] Info [CopyTableDataFromAzure] Converted bool True to 1 for column OM
[2026-01-25T15:51:57.6344306Z] Info [CopyTableDataFromAzure] Converted bool True to 1 for column SM
[2026-01-25T15:51:57.6385856Z] Info [CopyTableDataFromAzure] Converted bool True to 1 for column EN
[2026-01-25T15:51:57.6424576Z] Info [CopyTableDataFromAzure] Converted bool True to 1 for column PM
[2026-01-25T15:51:57.6509961Z] Info [CopyTableDataFromAzure] Converted bool True to 1 for column OM
[2026-01-25T15:51:57.6561166Z] Info [CopyTableDataFromAzure] Converted bool True to 1 for column SM
[2026-01-25T15:51:57.6601595Z] Info [CopyTableDataFromAzure] Converted bool True to 1 for column EN
[2026-01-25T15:51:57.6640633Z] Info [CopyTableDataFromAzure] Converted bool True to 1 for column PM
[2026-01-25T15:51:57.6718544Z] Info [CopyTableDataFromAzure] Converted bool True to 1 for column OM
[2026-01-25T15:51:57.6761129Z] Info [CopyTableDataFromAzure] Converted bool True to 1 for column SM
[2026-01-25T15:51:57.6803356Z] Info [CopyTableDataFromAzure] Converted bool True to 1 for column EN
[2026-01-25T15:51:57.6843020Z] Info [CopyTableDataFromAzure] Converted bool True to 1 for column PM
[2026-01-25T15:51:57.6921749Z] Info [CopyTableDataFromAzure] Converted bool True to 1 for column OM
[2026-01-25T15:51:57.6975321Z] Info [CopyTableDataFromAzure] Converted bool True to 1 for column SM
[2026-01-25T15:51:57.7016641Z] Info [CopyTableDataFromAzure] Converted bool True to 1 for column EN
[2026-01-25T15:51:57.7055340Z] Info [CopyTableDataFromAzure] Converted bool True to 1 for column PM
[2026-01-25T15:51:57.7135423Z] Info [CopyTableDataFromAzure] Converted bool False to 0 for column OM
[2026-01-25T15:51:57.7179411Z] Info [CopyTableDataFromAzure] Converted bool False to 0 for column SM
[2026-01-25T15:51:57.7219452Z] Info [CopyTableDataFromAzure] Converted bool False to 0 for column EN
[2026-01-25T15:51:57.7264878Z] Info [CopyTableDataFromAzure] Converted bool False to 0 for column PM
[2026-01-25T15:51:57.7348651Z] Info [DatabaseSetup.CopyTableDataFromAzure] Copied 16 rows to Projects
[2026-01-25T15:51:57.8230306Z] Info [CopyTableDataFromAzure] Converted bool True to 1 for column IsEditable
[2026-01-25T15:51:57.8285394Z] Info [CopyTableDataFromAzure] Converted bool False to 0 for column IsCalculated
[2026-01-25T15:51:57.8362042Z] Info [CopyTableDataFromAzure] Converted bool True to 1 for column IsEditable
[2026-01-25T15:51:57.8402883Z] Info [CopyTableDataFromAzure] Converted bool False to 0 for column IsCalculated
[2026-01-25T15:51:57.8487120Z] Info [CopyTableDataFromAzure] Converted bool True to 1 for column IsEditable
[2026-01-25T15:51:57.8534736Z] Info [CopyTableDataFromAzure] Converted bool False to 0 for column IsCalculated
[2026-01-25T15:51:57.8620711Z] Info [CopyTableDataFromAzure] Converted bool True to 1 for column IsEditable
[2026-01-25T15:51:57.8659564Z] Info [CopyTableDataFromAzure] Converted bool False to 0 for column IsCalculated
[2026-01-25T15:51:57.8740740Z] Info [CopyTableDataFromAzure] Converted bool True to 1 for column IsEditable
[2026-01-25T15:51:57.8786870Z] Info [CopyTableDataFromAzure] Converted bool False to 0 for column IsCalculated
[2026-01-25T15:51:57.8864555Z] Info [CopyTableDataFromAzure] Converted bool False to 0 for column IsEditable
[2026-01-25T15:51:57.8912292Z] Info [CopyTableDataFromAzure] Converted bool False to 0 for column IsCalculated
[2026-01-25T15:51:57.8992317Z] Info [CopyTableDataFromAzure] Converted bool True to 1 for column IsEditable
[2026-01-25T15:51:57.9034643Z] Info [CopyTableDataFromAzure] Converted bool False to 0 for column IsCalculated
[2026-01-25T15:51:57.9114323Z] Info [CopyTableDataFromAzure] Converted bool True to 1 for column IsEditable
[2026-01-25T15:51:57.9152007Z] Info [CopyTableDataFromAzure] Converted bool False to 0 for column IsCalculated
[2026-01-25T15:51:57.9235208Z] Info [CopyTableDataFromAzure] Converted bool True to 1 for column IsEditable
[2026-01-25T15:51:57.9277596Z] Info [CopyTableDataFromAzure] Converted bool False to 0 for column IsCalculated
[2026-01-25T15:51:57.9353497Z] Info [CopyTableDataFromAzure] Converted bool True to 1 for column IsEditable
[2026-01-25T15:51:57.9395886Z] Info [CopyTableDataFromAzure] Converted bool False to 0 for column IsCalculated
[2026-01-25T15:51:57.9472041Z] Info [CopyTableDataFromAzure] Converted bool True to 1 for column IsEditable
[2026-01-25T15:51:57.9518578Z] Info [CopyTableDataFromAzure] Converted bool False to 0 for column IsCalculated
[2026-01-25T15:51:57.9600056Z] Info [CopyTableDataFromAzure] Converted bool True to 1 for column IsEditable
[2026-01-25T15:51:57.9651580Z] Info [CopyTableDataFromAzure] Converted bool False to 0 for column IsCalculated
[2026-01-25T15:51:57.9733053Z] Info [CopyTableDataFromAzure] Converted bool True to 1 for column IsEditable
[2026-01-25T15:51:57.9776785Z] Info [CopyTableDataFromAzure] Converted bool False to 0 for column IsCalculated
[2026-01-25T15:51:57.9852860Z] Info [CopyTableDataFromAzure] Converted bool True to 1 for column IsEditable
[2026-01-25T15:51:57.9891585Z] Info [CopyTableDataFromAzure] Converted bool False to 0 for column IsCalculated
[2026-01-25T15:51:57.9971809Z] Info [CopyTableDataFromAzure] Converted bool True to 1 for column IsEditable
[2026-01-25T15:51:58.0017876Z] Info [CopyTableDataFromAzure] Converted bool False to 0 for column IsCalculated
[2026-01-25T15:51:58.0101420Z] Info [CopyTableDataFromAzure] Converted bool True to 1 for column IsEditable
[2026-01-25T15:51:58.0138904Z] Info [CopyTableDataFromAzure] Converted bool False to 0 for column IsCalculated
[2026-01-25T15:51:58.0219393Z] Info [CopyTableDataFromAzure] Converted bool True to 1 for column IsEditable
[2026-01-25T15:51:58.0264462Z] Info [CopyTableDataFromAzure] Converted bool False to 0 for column IsCalculated
[2026-01-25T15:51:58.0344808Z] Info [CopyTableDataFromAzure] Converted bool True to 1 for column IsEditable
[2026-01-25T15:51:58.0386341Z] Info [CopyTableDataFromAzure] Converted bool False to 0 for column IsCalculated
[2026-01-25T15:51:58.0470460Z] Info [CopyTableDataFromAzure] Converted bool True to 1 for column IsEditable
[2026-01-25T15:51:58.0511250Z] Info [CopyTableDataFromAzure] Converted bool False to 0 for column IsCalculated
[2026-01-25T15:51:58.0595733Z] Info [CopyTableDataFromAzure] Converted bool True to 1 for column IsEditable
[2026-01-25T15:51:58.0636213Z] Info [CopyTableDataFromAzure] Converted bool False to 0 for column IsCalculated
[2026-01-25T15:51:58.0716294Z] Info [CopyTableDataFromAzure] Converted bool True to 1 for column IsEditable
[2026-01-25T15:51:58.0757770Z] Info [CopyTableDataFromAzure] Converted bool False to 0 for column IsCalculated
[2026-01-25T15:51:58.0835595Z] Info [CopyTableDataFromAzure] Converted bool True to 1 for column IsEditable
[2026-01-25T15:51:58.0874049Z] Info [CopyTableDataFromAzure] Converted bool False to 0 for column IsCalculated
[2026-01-25T15:51:58.0947764Z] Info [CopyTableDataFromAzure] Converted bool True to 1 for column IsEditable
[2026-01-25T15:51:58.0986363Z] Info [CopyTableDataFromAzure] Converted bool False to 0 for column IsCalculated
[2026-01-25T15:51:58.1058592Z] Info [CopyTableDataFromAzure] Converted bool True to 1 for column IsEditable
[2026-01-25T15:51:58.1103651Z] Info [CopyTableDataFromAzure] Converted bool False to 0 for column IsCalculated
[2026-01-25T15:51:58.1178291Z] Info [CopyTableDataFromAzure] Converted bool True to 1 for column IsEditable
[2026-01-25T15:51:58.1217011Z] Info [CopyTableDataFromAzure] Converted bool False to 0 for column IsCalculated
[2026-01-25T15:51:58.1296124Z] Info [CopyTableDataFromAzure] Converted bool True to 1 for column IsEditable
[2026-01-25T15:51:58.1342594Z] Info [CopyTableDataFromAzure] Converted bool False to 0 for column IsCalculated
[2026-01-25T15:51:58.1423966Z] Info [CopyTableDataFromAzure] Converted bool True to 1 for column IsEditable
[2026-01-25T15:51:58.1463762Z] Info [CopyTableDataFromAzure] Converted bool False to 0 for column IsCalculated
[2026-01-25T15:51:58.1547130Z] Info [CopyTableDataFromAzure] Converted bool True to 1 for column IsEditable
[2026-01-25T15:51:58.1588817Z] Info [CopyTableDataFromAzure] Converted bool False to 0 for column IsCalculated
[2026-01-25T15:51:58.1665696Z] Info [CopyTableDataFromAzure] Converted bool True to 1 for column IsEditable
[2026-01-25T15:51:58.1708632Z] Info [CopyTableDataFromAzure] Converted bool False to 0 for column IsCalculated
[2026-01-25T15:51:58.1787802Z] Info [CopyTableDataFromAzure] Converted bool True to 1 for column IsEditable
[2026-01-25T15:51:58.1825629Z] Info [CopyTableDataFromAzure] Converted bool False to 0 for column IsCalculated
[2026-01-25T15:51:58.1910454Z] Info [CopyTableDataFromAzure] Converted bool True to 1 for column IsEditable
[2026-01-25T15:51:58.1950699Z] Info [CopyTableDataFromAzure] Converted bool False to 0 for column IsCalculated
[2026-01-25T15:51:58.2024017Z] Info [CopyTableDataFromAzure] Converted bool True to 1 for column IsEditable
[2026-01-25T15:51:58.2062846Z] Info [CopyTableDataFromAzure] Converted bool False to 0 for column IsCalculated
[2026-01-25T15:51:58.2139898Z] Info [CopyTableDataFromAzure] Converted bool True to 1 for column IsEditable
[2026-01-25T15:51:58.2182798Z] Info [CopyTableDataFromAzure] Converted bool False to 0 for column IsCalculated
[2026-01-25T15:51:58.2263192Z] Info [CopyTableDataFromAzure] Converted bool True to 1 for column IsEditable
[2026-01-25T15:51:58.2307785Z] Info [CopyTableDataFromAzure] Converted bool False to 0 for column IsCalculated
[2026-01-25T15:51:58.2387421Z] Info [CopyTableDataFromAzure] Converted bool True to 1 for column IsEditable
[2026-01-25T15:51:58.2434262Z] Info [CopyTableDataFromAzure] Converted bool False to 0 for column IsCalculated
[2026-01-25T15:51:58.2513663Z] Info [CopyTableDataFromAzure] Converted bool True to 1 for column IsEditable
[2026-01-25T15:51:58.2557055Z] Info [CopyTableDataFromAzure] Converted bool False to 0 for column IsCalculated
[2026-01-25T15:51:58.2641832Z] Info [CopyTableDataFromAzure] Converted bool True to 1 for column IsEditable
[2026-01-25T15:51:58.2683782Z] Info [CopyTableDataFromAzure] Converted bool False to 0 for column IsCalculated
[2026-01-25T15:51:58.2768828Z] Info [CopyTableDataFromAzure] Converted bool True to 1 for column IsEditable
[2026-01-25T15:51:58.2806898Z] Info [CopyTableDataFromAzure] Converted bool False to 0 for column IsCalculated
[2026-01-25T15:51:58.2885179Z] Info [CopyTableDataFromAzure] Converted bool True to 1 for column IsEditable
[2026-01-25T15:51:58.2926393Z] Info [CopyTableDataFromAzure] Converted bool False to 0 for column IsCalculated
[2026-01-25T15:51:58.3005005Z] Info [CopyTableDataFromAzure] Converted bool True to 1 for column IsEditable
[2026-01-25T15:51:58.3047853Z] Info [CopyTableDataFromAzure] Converted bool False to 0 for column IsCalculated
[2026-01-25T15:51:58.3126207Z] Info [CopyTableDataFromAzure] Converted bool True to 1 for column IsEditable
[2026-01-25T15:51:58.3168385Z] Info [CopyTableDataFromAzure] Converted bool False to 0 for column IsCalculated
[2026-01-25T15:51:58.3242574Z] Info [CopyTableDataFromAzure] Converted bool False to 0 for column IsEditable
[2026-01-25T15:51:58.3284114Z] Info [CopyTableDataFromAzure] Converted bool False to 0 for column IsCalculated
[2026-01-25T15:51:58.3359499Z] Info [CopyTableDataFromAzure] Converted bool True to 1 for column IsEditable
[2026-01-25T15:51:58.3397684Z] Info [CopyTableDataFromAzure] Converted bool False to 0 for column IsCalculated
[2026-01-25T15:51:58.3474074Z] Info [CopyTableDataFromAzure] Converted bool True to 1 for column IsEditable
[2026-01-25T15:51:58.3513511Z] Info [CopyTableDataFromAzure] Converted bool False to 0 for column IsCalculated
[2026-01-25T15:51:58.3592153Z] Info [CopyTableDataFromAzure] Converted bool True to 1 for column IsEditable
[2026-01-25T15:51:58.3638436Z] Info [CopyTableDataFromAzure] Converted bool False to 0 for column IsCalculated
[2026-01-25T15:51:58.3714936Z] Info [CopyTableDataFromAzure] Converted bool True to 1 for column IsEditable
[2026-01-25T15:51:58.3759634Z] Info [CopyTableDataFromAzure] Converted bool False to 0 for column IsCalculated
[2026-01-25T15:51:58.3839623Z] Info [CopyTableDataFromAzure] Converted bool True to 1 for column IsEditable
[2026-01-25T15:51:58.3881916Z] Info [CopyTableDataFromAzure] Converted bool False to 0 for column IsCalculated
[2026-01-25T15:51:58.3959365Z] Info [CopyTableDataFromAzure] Converted bool True to 1 for column IsEditable
[2026-01-25T15:51:58.4011396Z] Info [CopyTableDataFromAzure] Converted bool False to 0 for column IsCalculated
[2026-01-25T15:51:58.4095357Z] Info [CopyTableDataFromAzure] Converted bool True to 1 for column IsEditable
[2026-01-25T15:51:58.4138960Z] Info [CopyTableDataFromAzure] Converted bool False to 0 for column IsCalculated
[2026-01-25T15:51:58.4217119Z] Info [CopyTableDataFromAzure] Converted bool True to 1 for column IsEditable
[2026-01-25T15:51:58.4258788Z] Info [CopyTableDataFromAzure] Converted bool False to 0 for column IsCalculated
[2026-01-25T15:51:58.4339806Z] Info [CopyTableDataFromAzure] Converted bool True to 1 for column IsEditable
[2026-01-25T15:51:58.4378357Z] Info [CopyTableDataFromAzure] Converted bool False to 0 for column IsCalculated
[2026-01-25T15:51:58.4460726Z] Info [CopyTableDataFromAzure] Converted bool True to 1 for column IsEditable
[2026-01-25T15:51:58.4509398Z] Info [CopyTableDataFromAzure] Converted bool False to 0 for column IsCalculated
[2026-01-25T15:51:58.4597869Z] Info [CopyTableDataFromAzure] Converted bool True to 1 for column IsEditable
[2026-01-25T15:51:58.4639901Z] Info [CopyTableDataFromAzure] Converted bool False to 0 for column IsCalculated
[2026-01-25T15:51:58.4714910Z] Info [CopyTableDataFromAzure] Converted bool True to 1 for column IsEditable
[2026-01-25T15:51:58.4758160Z] Info [CopyTableDataFromAzure] Converted bool False to 0 for column IsCalculated
[2026-01-25T15:51:58.4839621Z] Info [CopyTableDataFromAzure] Converted bool True to 1 for column IsEditable
[2026-01-25T15:51:58.4882851Z] Info [CopyTableDataFromAzure] Converted bool False to 0 for column IsCalculated
[2026-01-25T15:51:58.4962104Z] Info [CopyTableDataFromAzure] Converted bool True to 1 for column IsEditable
[2026-01-25T15:51:58.5009744Z] Info [CopyTableDataFromAzure] Converted bool False to 0 for column IsCalculated
[2026-01-25T15:51:58.5092883Z] Info [CopyTableDataFromAzure] Converted bool True to 1 for column IsEditable
[2026-01-25T15:51:58.5136453Z] Info [CopyTableDataFromAzure] Converted bool False to 0 for column IsCalculated
[2026-01-25T15:51:58.5218793Z] Info [CopyTableDataFromAzure] Converted bool True to 1 for column IsEditable
[2026-01-25T15:51:58.5263228Z] Info [CopyTableDataFromAzure] Converted bool False to 0 for column IsCalculated
[2026-01-25T15:51:58.5341130Z] Info [CopyTableDataFromAzure] Converted bool True to 1 for column IsEditable
[2026-01-25T15:51:58.5382109Z] Info [CopyTableDataFromAzure] Converted bool False to 0 for column IsCalculated
[2026-01-25T15:51:58.5459685Z] Info [CopyTableDataFromAzure] Converted bool True to 1 for column IsEditable
[2026-01-25T15:51:58.5497877Z] Info [CopyTableDataFromAzure] Converted bool False to 0 for column IsCalculated
[2026-01-25T15:51:58.5583859Z] Info [CopyTableDataFromAzure] Converted bool True to 1 for column IsEditable
[2026-01-25T15:51:58.5628247Z] Info [CopyTableDataFromAzure] Converted bool False to 0 for column IsCalculated
[2026-01-25T15:51:58.5711859Z] Info [CopyTableDataFromAzure] Converted bool True to 1 for column IsEditable
[2026-01-25T15:51:58.5753022Z] Info [CopyTableDataFromAzure] Converted bool False to 0 for column IsCalculated
[2026-01-25T15:51:58.5837876Z] Info [CopyTableDataFromAzure] Converted bool True to 1 for column IsEditable
[2026-01-25T15:51:58.5882727Z] Info [CopyTableDataFromAzure] Converted bool False to 0 for column IsCalculated
[2026-01-25T15:51:58.5961572Z] Info [CopyTableDataFromAzure] Converted bool True to 1 for column IsEditable
[2026-01-25T15:51:58.6001433Z] Info [CopyTableDataFromAzure] Converted bool False to 0 for column IsCalculated
[2026-01-25T15:51:58.6082460Z] Info [CopyTableDataFromAzure] Converted bool True to 1 for column IsEditable
[2026-01-25T15:51:58.6129886Z] Info [CopyTableDataFromAzure] Converted bool False to 0 for column IsCalculated
[2026-01-25T15:51:58.6213755Z] Info [CopyTableDataFromAzure] Converted bool True to 1 for column IsEditable
[2026-01-25T15:51:58.6258037Z] Info [CopyTableDataFromAzure] Converted bool False to 0 for column IsCalculated
[2026-01-25T15:51:58.6336676Z] Info [CopyTableDataFromAzure] Converted bool True to 1 for column IsEditable
[2026-01-25T15:51:58.6378865Z] Info [CopyTableDataFromAzure] Converted bool False to 0 for column IsCalculated
[2026-01-25T15:51:58.6462133Z] Info [CopyTableDataFromAzure] Converted bool True to 1 for column IsEditable
[2026-01-25T15:51:58.6506607Z] Info [CopyTableDataFromAzure] Converted bool False to 0 for column IsCalculated
[2026-01-25T15:51:58.6588591Z] Info [CopyTableDataFromAzure] Converted bool True to 1 for column IsEditable
[2026-01-25T15:51:58.6634254Z] Info [CopyTableDataFromAzure] Converted bool False to 0 for column IsCalculated
[2026-01-25T15:51:58.6713884Z] Info [CopyTableDataFromAzure] Converted bool True to 1 for column IsEditable
[2026-01-25T15:51:58.6764549Z] Info [CopyTableDataFromAzure] Converted bool False to 0 for column IsCalculated
[2026-01-25T15:51:58.6846877Z] Info [CopyTableDataFromAzure] Converted bool True to 1 for column IsEditable
[2026-01-25T15:51:58.6887601Z] Info [CopyTableDataFromAzure] Converted bool False to 0 for column IsCalculated
[2026-01-25T15:51:58.6974047Z] Info [CopyTableDataFromAzure] Converted bool True to 1 for column IsEditable
[2026-01-25T15:51:58.7017363Z] Info [CopyTableDataFromAzure] Converted bool False to 0 for column IsCalculated
[2026-01-25T15:51:58.7098905Z] Info [CopyTableDataFromAzure] Converted bool True to 1 for column IsEditable
[2026-01-25T15:51:58.7135150Z] Info [CopyTableDataFromAzure] Converted bool False to 0 for column IsCalculated
[2026-01-25T15:51:58.7217123Z] Info [CopyTableDataFromAzure] Converted bool True to 1 for column IsEditable
[2026-01-25T15:51:58.7268464Z] Info [CopyTableDataFromAzure] Converted bool False to 0 for column IsCalculated
[2026-01-25T15:51:58.7344761Z] Info [CopyTableDataFromAzure] Converted bool True to 1 for column IsEditable
[2026-01-25T15:51:58.7383253Z] Info [CopyTableDataFromAzure] Converted bool False to 0 for column IsCalculated
[2026-01-25T15:51:58.7465604Z] Info [CopyTableDataFromAzure] Converted bool True to 1 for column IsEditable
[2026-01-25T15:51:58.7509732Z] Info [CopyTableDataFromAzure] Converted bool False to 0 for column IsCalculated
[2026-01-25T15:51:58.7585918Z] Info [CopyTableDataFromAzure] Converted bool True to 1 for column IsEditable
[2026-01-25T15:51:58.7621595Z] Info [CopyTableDataFromAzure] Converted bool False to 0 for column IsCalculated
[2026-01-25T15:51:58.7697737Z] Info [CopyTableDataFromAzure] Converted bool True to 1 for column IsEditable
[2026-01-25T15:51:58.7741500Z] Info [CopyTableDataFromAzure] Converted bool False to 0 for column IsCalculated
[2026-01-25T15:51:58.7815287Z] Info [CopyTableDataFromAzure] Converted bool True to 1 for column IsEditable
[2026-01-25T15:51:58.7854168Z] Info [CopyTableDataFromAzure] Converted bool False to 0 for column IsCalculated
[2026-01-25T15:51:58.7929419Z] Info [CopyTableDataFromAzure] Converted bool True to 1 for column IsEditable
[2026-01-25T15:51:58.7972610Z] Info [CopyTableDataFromAzure] Converted bool False to 0 for column IsCalculated
[2026-01-25T15:51:58.8045601Z] Info [CopyTableDataFromAzure] Converted bool False to 0 for column IsEditable
[2026-01-25T15:51:58.8091260Z] Info [CopyTableDataFromAzure] Converted bool False to 0 for column IsCalculated
[2026-01-25T15:51:58.8173447Z] Info [CopyTableDataFromAzure] Converted bool True to 1 for column IsEditable
[2026-01-25T15:51:58.8220637Z] Info [CopyTableDataFromAzure] Converted bool False to 0 for column IsCalculated
[2026-01-25T15:51:58.8296094Z] Info [CopyTableDataFromAzure] Converted bool False to 0 for column IsEditable
[2026-01-25T15:51:58.8337291Z] Info [CopyTableDataFromAzure] Converted bool False to 0 for column IsCalculated
[2026-01-25T15:51:58.8418570Z] Info [CopyTableDataFromAzure] Converted bool False to 0 for column IsEditable
[2026-01-25T15:51:58.8464077Z] Info [CopyTableDataFromAzure] Converted bool False to 0 for column IsCalculated
[2026-01-25T15:51:58.8545480Z] Info [CopyTableDataFromAzure] Converted bool False to 0 for column IsEditable
[2026-01-25T15:51:58.8586311Z] Info [CopyTableDataFromAzure] Converted bool False to 0 for column IsCalculated
[2026-01-25T15:51:58.8671714Z] Info [CopyTableDataFromAzure] Converted bool False to 0 for column IsEditable
[2026-01-25T15:51:58.8717449Z] Info [CopyTableDataFromAzure] Converted bool False to 0 for column IsCalculated
[2026-01-25T15:51:58.8795338Z] Info [CopyTableDataFromAzure] Converted bool False to 0 for column IsEditable
[2026-01-25T15:51:58.8839390Z] Info [CopyTableDataFromAzure] Converted bool False to 0 for column IsCalculated
[2026-01-25T15:51:58.8920098Z] Info [CopyTableDataFromAzure] Converted bool True to 1 for column IsEditable
[2026-01-25T15:51:58.8966668Z] Info [CopyTableDataFromAzure] Converted bool False to 0 for column IsCalculated
[2026-01-25T15:51:58.9049307Z] Info [CopyTableDataFromAzure] Converted bool True to 1 for column IsEditable
[2026-01-25T15:51:58.9089767Z] Info [CopyTableDataFromAzure] Converted bool False to 0 for column IsCalculated
[2026-01-25T15:51:58.9171545Z] Info [DatabaseSetup.CopyTableDataFromAzure] Copied 89 rows to ColumnMappings
[2026-01-25T15:51:59.0192621Z] Info [DatabaseSetup.CopyTableDataFromAzure] Copied 0 rows to Managers
[2026-01-25T15:51:59.1108561Z] Info [CopyTableDataFromAzure] Converted bool False to 0 for column IsDeleted
[2026-01-25T15:51:59.1212548Z] Info [CopyTableDataFromAzure] Converted bool False to 0 for column IsDeleted
[2026-01-25T15:51:59.1295550Z] Info [DatabaseSetup.CopyTableDataFromAzure] Copied 2 rows to Feedback
[2026-01-25T15:51:59.1337489Z] Info [DatabaseSetup.MirrorTablesFromAzure] Mirrored tables from Azure database
[2026-01-25T15:51:59.1447602Z] Info [ActivityRepository.GetDirtyActivitiesAsync] GetDirtyActivitiesAsync called with 1 projects: 24.005.
[2026-01-25T15:51:59.1855181Z] Info [ActivityRepository.GetDirtyActivitiesAsync] GetDirtyActivitiesAsync returning 25 records
[2026-01-25T15:51:59.1908859Z] Info [SyncManager.PushRecords] Starting push of 25 records to Azure
[2026-01-25T15:51:59.5217094Z] Info [SyncManager.PushRecords] Step 1 complete (0.3s): Populated temp table with 25 UniqueIDs
[2026-01-25T15:51:59.6521875Z] Info [SyncManager.PushRecords] Step 2 complete (0.5s): Records to insert: 0, Records to update: 25
[2026-01-25T15:52:00.4418510Z] Info [SyncManager.PushRecords] Step 3 complete (1.2s): Bulk updated 25 records
[2026-01-25T15:52:00.8332466Z] Info [SyncManager.PushRecords] Step 5 complete (1.6s): Retrieved versions for 25 records
[2026-01-25T15:52:00.8474065Z] Info [SyncManager.PushRecords] Step 6 complete (1.7s): Updated local records
[2026-01-25T15:52:00.8524822Z] Info [SyncManager.PushRecords] Push completed in 1.7s: 25 pushed (0 inserted, 25 updated), 0 failed
[2026-01-25T15:52:00.9519778Z] Info [SyncManager.PullRecords] Project 24.005.: 25 to pull, 0 to delete
[2026-01-25T15:52:01.0652383Z] Info [SyncManager.PullRecords] Pull completed in 0.2s: 25 pulled (filtered to steve)
[2026-01-25T15:52:01.1010550Z] Info [SyncDialog.BtnConfirmSync_Click] (user:steve) Sync completed: 25 pushed, 25 pulled, 0 removed (MyRecordsOnly=True)
